2024-10-31 00:09:27 INFO  StringX-JUnit-Tests - Test started: testPadLeftWithInsufficientWidth
2024-10-31 00:09:27 INFO  StringX-JUnit-Tests -    Original -> Hello
2024-10-31 00:09:27 INFO  StringX-JUnit-Tests -    Result   -> Hello
2024-10-31 00:09:27 INFO  StringX-JUnit-Tests - Test completed: testPadLeftWithInsufficientWidth ? Status: PASSED
2024-10-31 00:09:27 INFO  StringX-JUnit-Tests - Test started: testPadRightWithExactWidth
2024-10-31 00:09:27 INFO  StringX-JUnit-Tests -    Original -> Hello
2024-10-31 00:09:27 INFO  StringX-JUnit-Tests -    Result   -> Hello
2024-10-31 00:09:27 INFO  StringX-JUnit-Tests - Test completed: testPadRightWithExactWidth ? Status: PASSED
2024-10-31 00:09:27 INFO  StringX-JUnit-Tests - Test started: testPadLeftWithExactWidth
2024-10-31 00:09:27 INFO  StringX-JUnit-Tests -    Original -> Hello
2024-10-31 00:09:27 INFO  StringX-JUnit-Tests -    Result   -> Hello
2024-10-31 00:09:27 INFO  StringX-JUnit-Tests - Test completed: testPadLeftWithExactWidth ? Status: PASSED
2024-10-31 00:09:27 INFO  StringX-JUnit-Tests - Test started: testPadLeftWithSufficientWidth
2024-10-31 00:09:27 INFO  StringX-JUnit-Tests -    Original -> Hello
2024-10-31 00:09:27 INFO  StringX-JUnit-Tests -    Result   -> *****Hello
2024-10-31 00:09:27 INFO  StringX-JUnit-Tests - Test completed: testPadLeftWithSufficientWidth ? Status: PASSED
2024-10-31 00:09:27 INFO  StringX-JUnit-Tests - Test started: testPadRightWithEmptyString
2024-10-31 00:09:27 INFO  StringX-JUnit-Tests -    Original -> 
2024-10-31 00:09:27 INFO  StringX-JUnit-Tests -    Result   -> *****
2024-10-31 00:09:27 INFO  StringX-JUnit-Tests - Test completed: testPadRightWithEmptyString ? Status: PASSED
2024-10-31 00:09:27 INFO  StringX-JUnit-Tests - Test started: testPadRightWithSufficientWidth
2024-10-31 00:09:27 INFO  StringX-JUnit-Tests -    Original -> Hello
2024-10-31 00:09:27 INFO  StringX-JUnit-Tests -    Result   -> Hello*****
2024-10-31 00:09:27 INFO  StringX-JUnit-Tests - Test completed: testPadRightWithSufficientWidth ? Status: PASSED
2024-10-31 00:09:27 INFO  StringX-JUnit-Tests - Test started: testPadRightWithInsufficientWidth
2024-10-31 00:09:27 INFO  StringX-JUnit-Tests -    Original -> Hello
2024-10-31 00:09:27 INFO  StringX-JUnit-Tests -    Result   -> Hello
2024-10-31 00:09:27 INFO  StringX-JUnit-Tests - Test completed: testPadRightWithInsufficientWidth ? Status: PASSED
2024-10-31 00:09:27 INFO  StringX-JUnit-Tests - Test started: testPadLeftWithEmptyString
2024-10-31 00:09:27 INFO  StringX-JUnit-Tests -    Original -> 
2024-10-31 00:09:27 INFO  StringX-JUnit-Tests -    Result   -> *****
2024-10-31 00:09:27 INFO  StringX-JUnit-Tests - Test completed: testPadLeftWithEmptyString ? Status: PASSED
2024-10-31 00:09:27 INFO  StringX-JUnit-Tests - Test started: testRepeatOneTime
2024-10-31 00:09:27 INFO  StringX-JUnit-Tests -    Original -> xyz
2024-10-31 00:09:27 INFO  StringX-JUnit-Tests -    Result   -> xyz
2024-10-31 00:09:27 INFO  StringX-JUnit-Tests - Test completed: testRepeatOneTime ? Status: PASSED
2024-10-31 00:09:27 INFO  StringX-JUnit-Tests - Test started: testIncludesWithCaseMismatch
2024-10-31 00:09:27 INFO  StringX-JUnit-Tests -    Original -> Hello
2024-10-31 00:09:27 INFO  StringX-JUnit-Tests -    Result   -> false
2024-10-31 00:09:27 INFO  StringX-JUnit-Tests - Test completed: testIncludesWithCaseMismatch ? Status: PASSED
2024-10-31 00:09:27 INFO  StringX-JUnit-Tests - Test started: testIncludesWithAbsentSubstring
2024-10-31 00:09:27 INFO  StringX-JUnit-Tests -    Original -> Java programming
2024-10-31 00:09:27 INFO  StringX-JUnit-Tests -    Result   -> false
2024-10-31 00:09:27 INFO  StringX-JUnit-Tests - Test completed: testIncludesWithAbsentSubstring ? Status: PASSED
2024-10-31 00:09:27 INFO  StringX-JUnit-Tests - Test started: testIncludesWithEmptySubstring
2024-10-31 00:09:27 INFO  StringX-JUnit-Tests -    Original -> test
2024-10-31 00:09:27 INFO  StringX-JUnit-Tests -    Result   -> true
2024-10-31 00:09:27 INFO  StringX-JUnit-Tests - Test completed: testIncludesWithEmptySubstring ? Status: PASSED
2024-10-31 00:09:27 INFO  StringX-JUnit-Tests - Test started: testRepeatZeroTimes
2024-10-31 00:09:27 INFO  StringX-JUnit-Tests -    Original -> abc
2024-10-31 00:09:27 INFO  StringX-JUnit-Tests -    Result   -> 
2024-10-31 00:09:27 INFO  StringX-JUnit-Tests - Test completed: testRepeatZeroTimes ? Status: PASSED
2024-10-31 00:09:27 INFO  StringX-JUnit-Tests - Test started: testIncludesWithWhitespaceSubstring
2024-10-31 00:09:27 INFO  StringX-JUnit-Tests -    Original -> hello world
2024-10-31 00:09:27 INFO  StringX-JUnit-Tests -    Result   -> true
2024-10-31 00:09:27 INFO  StringX-JUnit-Tests - Test completed: testIncludesWithWhitespaceSubstring ? Status: PASSED
2024-10-31 00:09:27 INFO  StringX-JUnit-Tests - Test started: testIncludesWithExactMatch
2024-10-31 00:09:27 INFO  StringX-JUnit-Tests -    Original -> hello
2024-10-31 00:09:27 INFO  StringX-JUnit-Tests -    Result   -> true
2024-10-31 00:09:27 INFO  StringX-JUnit-Tests - Test completed: testIncludesWithExactMatch ? Status: PASSED
2024-10-31 00:09:27 INFO  StringX-JUnit-Tests - Test started: testRepeatNegativeNTimes
2024-10-31 00:09:27 INFO  StringX-JUnit-Tests -    Original -> test
2024-10-31 00:09:27 INFO  StringX-JUnit-Tests -    Result   -> 
2024-10-31 00:09:27 INFO  StringX-JUnit-Tests - Test completed: testRepeatNegativeNTimes ? Status: PASSED
2024-10-31 00:09:27 INFO  StringX-JUnit-Tests - Test started: testIncludesWithSubstringPresent
2024-10-31 00:09:27 INFO  StringX-JUnit-Tests -    Original -> hello world
2024-10-31 00:09:27 INFO  StringX-JUnit-Tests -    Result   -> true
2024-10-31 00:09:27 INFO  StringX-JUnit-Tests - Test completed: testIncludesWithSubstringPresent ? Status: PASSED
2024-10-31 00:09:27 INFO  StringX-JUnit-Tests - Test started: testRepeatPositiveNTimes
2024-10-31 00:09:27 INFO  StringX-JUnit-Tests -    Original -> abc
2024-10-31 00:09:27 INFO  StringX-JUnit-Tests -    Result   -> abcabcabc
2024-10-31 00:09:27 INFO  StringX-JUnit-Tests -    Original -> abc
2024-10-31 00:09:27 INFO  StringX-JUnit-Tests -    Result   -> abcabcabc
2024-10-31 00:09:27 INFO  StringX-JUnit-Tests - Test completed: testRepeatPositiveNTimes ? Status: PASSED
2024-10-31 00:09:27 INFO  StringX-JUnit-Tests - Test started: testRepeatWithEmptyString
2024-10-31 00:09:27 INFO  StringX-JUnit-Tests -    Original -> 
2024-10-31 00:09:27 INFO  StringX-JUnit-Tests -    Result   -> 
2024-10-31 00:09:27 INFO  StringX-JUnit-Tests - Test completed: testRepeatWithEmptyString ? Status: PASSED
2024-10-31 00:09:27 INFO  StringX-JUnit-Tests - Test started: testIncludesWithNullSubstring
2024-10-31 00:09:27 INFO  StringX-JUnit-Tests -    Original -> test
2024-10-31 00:09:27 INFO  StringX-JUnit-Tests -    Result   -> null
2024-10-31 00:09:27 INFO  StringX-JUnit-Tests - Test completed: testIncludesWithNullSubstring ? Status: PASSED
2024-10-31 00:09:27 INFO  StringX-JUnit-Tests - Test started: testIncludesWithSpecialCharacters
2024-10-31 00:09:27 INFO  StringX-JUnit-Tests -    Original -> test@123
2024-10-31 00:09:27 INFO  StringX-JUnit-Tests -    Result   -> true
2024-10-31 00:09:27 INFO  StringX-JUnit-Tests - Test completed: testIncludesWithSpecialCharacters ? Status: PASSED
2024-10-31 00:09:27 INFO  StringX-JUnit-Tests - Test started: testZfillWithExactWidth
2024-10-31 00:09:27 INFO  StringX-JUnit-Tests -    Original -> 12345
2024-10-31 00:09:27 INFO  StringX-JUnit-Tests -    Result   -> 12345
2024-10-31 00:09:27 INFO  StringX-JUnit-Tests - Test completed: testZfillWithExactWidth ? Status: PASSED
2024-10-31 00:09:27 INFO  StringX-JUnit-Tests - Test started: testRemoveSuffixWithFullStringAsSuffix
2024-10-31 00:09:27 INFO  StringX-JUnit-Tests -    Original -> HelloWorld
2024-10-31 00:09:27 INFO  StringX-JUnit-Tests -    Result   -> 
2024-10-31 00:09:27 INFO  StringX-JUnit-Tests - Test completed: testRemoveSuffixWithFullStringAsSuffix ? Status: PASSED
2024-10-31 00:09:27 INFO  StringX-JUnit-Tests - Test started: testSwapcaseMixedCharacters
2024-10-31 00:09:27 INFO  StringX-JUnit-Tests -    Original -> aBc123XyZ
2024-10-31 00:09:27 INFO  StringX-JUnit-Tests -    Result   -> AbC123xYz
2024-10-31 00:09:27 INFO  StringX-JUnit-Tests - Test completed: testSwapcaseMixedCharacters ? Status: PASSED
2024-10-31 00:09:27 INFO  StringX-JUnit-Tests - Test started: testCapitalizeSingleCharacter
2024-10-31 00:09:27 INFO  StringX-JUnit-Tests -    Original -> h
2024-10-31 00:09:27 INFO  StringX-JUnit-Tests -    Result   -> H
2024-10-31 00:09:27 INFO  StringX-JUnit-Tests - Test completed: testCapitalizeSingleCharacter ? Status: PASSED
2024-10-31 00:09:27 INFO  StringX-JUnit-Tests - Test started: testRemovePrefixWithMatchingPrefix
2024-10-31 00:09:27 INFO  StringX-JUnit-Tests -    Original -> HelloWorld
2024-10-31 00:09:27 INFO  StringX-JUnit-Tests -    Result   -> World
2024-10-31 00:09:27 INFO  StringX-JUnit-Tests - Test completed: testRemovePrefixWithMatchingPrefix ? Status: PASSED
2024-10-31 00:09:27 INFO  StringX-JUnit-Tests - Test started: testRemovePrefixWithEmptyPrefix
2024-10-31 00:09:27 INFO  StringX-JUnit-Tests -    Original -> HelloWorld
2024-10-31 00:09:27 INFO  StringX-JUnit-Tests -    Result   -> HelloWorld
2024-10-31 00:09:27 INFO  StringX-JUnit-Tests - Test completed: testRemovePrefixWithEmptyPrefix ? Status: PASSED
2024-10-31 00:09:27 INFO  StringX-JUnit-Tests - Test started: testCapitalizeRegularInput
2024-10-31 00:09:27 INFO  StringX-JUnit-Tests -    Original -> hello
2024-10-31 00:09:27 INFO  StringX-JUnit-Tests -    Result   -> Hello
2024-10-31 00:09:27 INFO  StringX-JUnit-Tests - Test completed: testCapitalizeRegularInput ? Status: PASSED
2024-10-31 00:09:27 INFO  StringX-JUnit-Tests - Test started: testSwapcaseEmptyString
2024-10-31 00:09:27 INFO  StringX-JUnit-Tests -    Original -> 
2024-10-31 00:09:27 INFO  StringX-JUnit-Tests -    Result   -> 
2024-10-31 00:09:27 INFO  StringX-JUnit-Tests - Test completed: testSwapcaseEmptyString ? Status: PASSED
2024-10-31 00:09:27 INFO  StringX-JUnit-Tests - Test started: testSwapcaseRegularInput
2024-10-31 00:09:27 INFO  StringX-JUnit-Tests -    Original -> Hello World
2024-10-31 00:09:27 INFO  StringX-JUnit-Tests -    Result   -> hELLO wORLD
2024-10-31 00:09:27 INFO  StringX-JUnit-Tests - Test completed: testSwapcaseRegularInput ? Status: PASSED
2024-10-31 00:09:27 INFO  StringX-JUnit-Tests - Test started: testZfillWithEmptyString
2024-10-31 00:09:27 INFO  StringX-JUnit-Tests -    Original -> 
2024-10-31 00:09:27 INFO  StringX-JUnit-Tests -    Result   -> 000
2024-10-31 00:09:27 INFO  StringX-JUnit-Tests - Test completed: testZfillWithEmptyString ? Status: PASSED
2024-10-31 00:09:27 INFO  StringX-JUnit-Tests - Test started: testZfillWithSmallerWidth
2024-10-31 00:09:27 INFO  StringX-JUnit-Tests -    Original -> abcdef
2024-10-31 00:09:27 INFO  StringX-JUnit-Tests -    Result   -> abcdef
2024-10-31 00:09:27 INFO  StringX-JUnit-Tests - Test completed: testZfillWithSmallerWidth ? Status: PASSED
2024-10-31 00:09:27 INFO  StringX-JUnit-Tests - Test started: testTitleMultipleSpacesBetweenWords
2024-10-31 00:09:27 INFO  StringX-JUnit-Tests -    Original -> hello   world
2024-10-31 00:09:27 INFO  StringX-JUnit-Tests -    Result   -> Hello   World
2024-10-31 00:09:27 INFO  StringX-JUnit-Tests - Test completed: testTitleMultipleSpacesBetweenWords ? Status: PASSED
2024-10-31 00:09:27 INFO  StringX-JUnit-Tests - Test started: testSwapcaseNumbersAndSymbols
2024-10-31 00:09:27 INFO  StringX-JUnit-Tests -    Original -> 123!@#
2024-10-31 00:09:27 INFO  StringX-JUnit-Tests -    Result   -> 123!@#
2024-10-31 00:09:27 INFO  StringX-JUnit-Tests - Test completed: testSwapcaseNumbersAndSymbols ? Status: PASSED
2024-10-31 00:09:27 INFO  StringX-JUnit-Tests - Test started: testRemoveSuffixWithNoMatchingSuffix
2024-10-31 00:09:27 INFO  StringX-JUnit-Tests -    Original -> HelloWorld
2024-10-31 00:09:27 INFO  StringX-JUnit-Tests -    Result   -> HelloWorld
2024-10-31 00:09:27 INFO  StringX-JUnit-Tests - Test completed: testRemoveSuffixWithNoMatchingSuffix ? Status: PASSED
2024-10-31 00:09:27 INFO  StringX-JUnit-Tests - Test started: testTitleSingleWord
2024-10-31 00:09:27 INFO  StringX-JUnit-Tests -    Original -> java
2024-10-31 00:09:27 INFO  StringX-JUnit-Tests -    Result   -> Java
2024-10-31 00:09:27 INFO  StringX-JUnit-Tests - Test completed: testTitleSingleWord ? Status: PASSED
2024-10-31 00:09:27 INFO  StringX-JUnit-Tests - Test started: testSwapcaseWithSpaces
2024-10-31 00:09:27 INFO  StringX-JUnit-Tests -    Original -> Java Is Fun
2024-10-31 00:09:27 INFO  StringX-JUnit-Tests -    Result   -> jAVA iS fUN
2024-10-31 00:09:27 INFO  StringX-JUnit-Tests - Test completed: testSwapcaseWithSpaces ? Status: PASSED
2024-10-31 00:09:27 INFO  StringX-JUnit-Tests - Test started: testRemoveSuffixWithMatchingSuffix
2024-10-31 00:09:27 INFO  StringX-JUnit-Tests -    Original -> HelloWorld
2024-10-31 00:09:27 INFO  StringX-JUnit-Tests -    Result   -> Hello
2024-10-31 00:09:27 INFO  StringX-JUnit-Tests - Test completed: testRemoveSuffixWithMatchingSuffix ? Status: PASSED
2024-10-31 00:09:27 INFO  StringX-JUnit-Tests - Test started: testRemovePrefixWithFullStringAsPrefix
2024-10-31 00:09:27 INFO  StringX-JUnit-Tests -    Original -> HelloWorld
2024-10-31 00:09:27 INFO  StringX-JUnit-Tests -    Result   -> 
2024-10-31 00:09:27 INFO  StringX-JUnit-Tests - Test completed: testRemovePrefixWithFullStringAsPrefix ? Status: PASSED
2024-10-31 00:09:27 INFO  StringX-JUnit-Tests - Test started: testSwapcaseSingleLowercaseCharacter
2024-10-31 00:09:27 INFO  StringX-JUnit-Tests -    Original -> a
2024-10-31 00:09:27 INFO  StringX-JUnit-Tests -    Result   -> A
2024-10-31 00:09:27 INFO  StringX-JUnit-Tests - Test completed: testSwapcaseSingleLowercaseCharacter ? Status: PASSED
2024-10-31 00:09:27 INFO  StringX-JUnit-Tests - Test started: testTitleRegularSentence
2024-10-31 00:09:27 INFO  StringX-JUnit-Tests -    Original -> hello world
2024-10-31 00:09:27 INFO  StringX-JUnit-Tests -    Result   -> Hello World
2024-10-31 00:09:27 INFO  StringX-JUnit-Tests - Test completed: testTitleRegularSentence ? Status: PASSED
2024-10-31 00:09:27 INFO  StringX-JUnit-Tests - Test started: testSwapcaseSingleUppercaseCharacter
2024-10-31 00:09:27 INFO  StringX-JUnit-Tests -    Original -> A
2024-10-31 00:09:27 INFO  StringX-JUnit-Tests -    Result   -> a
2024-10-31 00:09:27 INFO  StringX-JUnit-Tests - Test completed: testSwapcaseSingleUppercaseCharacter ? Status: PASSED
2024-10-31 00:09:27 INFO  StringX-JUnit-Tests - Test started: testZfillWithWidthGreaterThanLength
2024-10-31 00:09:27 INFO  StringX-JUnit-Tests -    Original -> 42
2024-10-31 00:09:27 INFO  StringX-JUnit-Tests -    Result   -> 00042
2024-10-31 00:09:27 INFO  StringX-JUnit-Tests - Test completed: testZfillWithWidthGreaterThanLength ? Status: PASSED
2024-10-31 00:09:27 INFO  StringX-JUnit-Tests - Test started: testCapitalizeEmptyString
2024-10-31 00:09:27 INFO  StringX-JUnit-Tests -    Original -> 
2024-10-31 00:09:27 INFO  StringX-JUnit-Tests -    Result   -> 
2024-10-31 00:09:27 INFO  StringX-JUnit-Tests - Test completed: testCapitalizeEmptyString ? Status: PASSED
2024-10-31 00:09:27 INFO  StringX-JUnit-Tests - Test started: testTitleAlreadyCapitalized
2024-10-31 00:09:27 INFO  StringX-JUnit-Tests -    Original -> Hello World
2024-10-31 00:09:27 INFO  StringX-JUnit-Tests -    Result   -> Hello World
2024-10-31 00:09:27 INFO  StringX-JUnit-Tests - Test completed: testTitleAlreadyCapitalized ? Status: PASSED
2024-10-31 00:09:27 INFO  StringX-JUnit-Tests - Test started: testZfillWithNegativeWidth
2024-10-31 00:09:27 INFO  StringX-JUnit-Tests -    Original -> xyz
2024-10-31 00:09:27 INFO  StringX-JUnit-Tests -    Result   -> xyz
2024-10-31 00:09:27 INFO  StringX-JUnit-Tests - Test completed: testZfillWithNegativeWidth ? Status: PASSED
2024-10-31 00:09:27 INFO  StringX-JUnit-Tests - Test started: testTitleLeadingAndTrailingSpaces
2024-10-31 00:09:27 INFO  StringX-JUnit-Tests -    Original ->    hello world   
2024-10-31 00:09:27 INFO  StringX-JUnit-Tests -    Result   ->    Hello World   
2024-10-31 00:09:27 INFO  StringX-JUnit-Tests - Test completed: testTitleLeadingAndTrailingSpaces ? Status: PASSED
2024-10-31 00:09:27 INFO  StringX-JUnit-Tests - Test started: testTitleSpecialCharacters
2024-10-31 00:09:27 INFO  StringX-JUnit-Tests -    Original -> hello-world
2024-10-31 00:09:27 INFO  StringX-JUnit-Tests -    Result   -> Hello-World
2024-10-31 00:09:27 INFO  StringX-JUnit-Tests - Test completed: testTitleSpecialCharacters ? Status: PASSED
2024-10-31 00:09:27 INFO  StringX-JUnit-Tests - Test started: testCapitalizeMultipleWords
2024-10-31 00:09:27 INFO  StringX-JUnit-Tests -    Original -> hello world
2024-10-31 00:09:27 INFO  StringX-JUnit-Tests -    Result   -> Hello world
2024-10-31 00:09:27 INFO  StringX-JUnit-Tests - Test completed: testCapitalizeMultipleWords ? Status: PASSED
2024-10-31 00:09:27 INFO  StringX-JUnit-Tests - Test started: testCapitalizeAlreadyCapitalized
2024-10-31 00:09:27 INFO  StringX-JUnit-Tests -    Original -> Hello
2024-10-31 00:09:27 INFO  StringX-JUnit-Tests -    Result   -> Hello
2024-10-31 00:09:27 INFO  StringX-JUnit-Tests - Test completed: testCapitalizeAlreadyCapitalized ? Status: PASSED
2024-10-31 00:09:27 INFO  StringX-JUnit-Tests - Test started: testRemoveSuffixWithEmptySuffix
2024-10-31 00:09:27 INFO  StringX-JUnit-Tests -    Original -> HelloWorld
2024-10-31 00:09:27 INFO  StringX-JUnit-Tests -    Result   -> HelloWorld
2024-10-31 00:09:27 INFO  StringX-JUnit-Tests - Test completed: testRemoveSuffixWithEmptySuffix ? Status: PASSED
2024-10-31 00:09:27 INFO  StringX-JUnit-Tests - Test started: testRemovePrefixWithNoMatchingPrefix
2024-10-31 00:09:27 INFO  StringX-JUnit-Tests -    Original -> HelloWorld
2024-10-31 00:09:27 INFO  StringX-JUnit-Tests -    Result   -> HelloWorld
2024-10-31 00:09:27 INFO  StringX-JUnit-Tests - Test completed: testRemovePrefixWithNoMatchingPrefix ? Status: PASSED
2024-10-31 00:09:27 INFO  StringX-JUnit-Tests - Test started: testZfillWithZeroWidth
2024-10-31 00:09:27 INFO  StringX-JUnit-Tests -    Original -> data
2024-10-31 00:09:27 INFO  StringX-JUnit-Tests -    Result   -> data
2024-10-31 00:09:27 INFO  StringX-JUnit-Tests - Test completed: testZfillWithZeroWidth ? Status: PASSED
2024-10-31 00:09:27 INFO  StringX-JUnit-Tests - Test started: testTitleEmptyString
2024-10-31 00:09:27 INFO  StringX-JUnit-Tests -    Original -> 
2024-10-31 00:09:27 INFO  StringX-JUnit-Tests -    Result   -> 
2024-10-31 00:09:27 INFO  StringX-JUnit-Tests - Test completed: testTitleEmptyString ? Status: PASSED
2024-10-31 00:09:27 INFO  StringX-JUnit-Tests - Test started: testConstructorWithNonNullStringBuilder
2024-10-31 00:09:27 INFO  StringX-JUnit-Tests - Test completed: testConstructorWithNonNullStringBuilder ? Status: PASSED
2024-10-31 00:09:27 INFO  StringX-JUnit-Tests - Test started: testConstructorWithNonNullString
2024-10-31 00:09:27 INFO  StringX-JUnit-Tests - Test completed: testConstructorWithNonNullString ? Status: PASSED
2024-10-31 00:09:27 INFO  StringX-JUnit-Tests - Test started: testConstructorWithNullStringBuilder
2024-10-31 00:09:27 INFO  StringX-JUnit-Tests - Test completed: testConstructorWithNullStringBuilder ? Status: PASSED
2024-10-31 00:09:27 INFO  StringX-JUnit-Tests - Test started: testConstructorWithNullString
2024-10-31 00:09:27 INFO  StringX-JUnit-Tests - Test completed: testConstructorWithNullString ? Status: PASSED
2024-10-31 00:09:27 INFO  StringX-JUnit-Tests - Test started: testDefaultConstructor
2024-10-31 00:09:27 INFO  StringX-JUnit-Tests - Test completed: testDefaultConstructor ? Status: PASSED
2024-10-31 00:11:50 INFO  StringX-JUnit-Tests - Test started: testPadLeftWithInsufficientWidth
2024-10-31 00:11:50 INFO  StringX-JUnit-Tests -    Original -> Hello
2024-10-31 00:11:50 INFO  StringX-JUnit-Tests -    Result   -> Hello
2024-10-31 00:11:50 INFO  StringX-JUnit-Tests - Test completed: testPadLeftWithInsufficientWidth ? Status: PASSED
2024-10-31 00:11:50 INFO  StringX-JUnit-Tests - Test started: testPadRightWithExactWidth
2024-10-31 00:11:50 INFO  StringX-JUnit-Tests -    Original -> Hello
2024-10-31 00:11:50 INFO  StringX-JUnit-Tests -    Result   -> Hello
2024-10-31 00:11:50 INFO  StringX-JUnit-Tests - Test completed: testPadRightWithExactWidth ? Status: PASSED
2024-10-31 00:11:50 INFO  StringX-JUnit-Tests - Test started: testPadLeftWithExactWidth
2024-10-31 00:11:50 INFO  StringX-JUnit-Tests -    Original -> Hello
2024-10-31 00:11:50 INFO  StringX-JUnit-Tests -    Result   -> Hello
2024-10-31 00:11:50 INFO  StringX-JUnit-Tests - Test completed: testPadLeftWithExactWidth ? Status: PASSED
2024-10-31 00:11:50 INFO  StringX-JUnit-Tests - Test started: testPadLeftWithSufficientWidth
2024-10-31 00:11:50 INFO  StringX-JUnit-Tests -    Original -> Hello
2024-10-31 00:11:50 INFO  StringX-JUnit-Tests -    Result   -> *****Hello
2024-10-31 00:11:50 INFO  StringX-JUnit-Tests - Test completed: testPadLeftWithSufficientWidth ? Status: PASSED
2024-10-31 00:11:50 INFO  StringX-JUnit-Tests - Test started: testPadRightWithEmptyString
2024-10-31 00:11:50 INFO  StringX-JUnit-Tests -    Original -> 
2024-10-31 00:11:50 INFO  StringX-JUnit-Tests -    Result   -> *****
2024-10-31 00:11:50 INFO  StringX-JUnit-Tests - Test completed: testPadRightWithEmptyString ? Status: PASSED
2024-10-31 00:11:50 INFO  StringX-JUnit-Tests - Test started: testPadRightWithSufficientWidth
2024-10-31 00:11:50 INFO  StringX-JUnit-Tests -    Original -> Hello
2024-10-31 00:11:50 INFO  StringX-JUnit-Tests -    Result   -> Hello*****
2024-10-31 00:11:50 INFO  StringX-JUnit-Tests - Test completed: testPadRightWithSufficientWidth ? Status: PASSED
2024-10-31 00:11:50 INFO  StringX-JUnit-Tests - Test started: testPadRightWithInsufficientWidth
2024-10-31 00:11:50 INFO  StringX-JUnit-Tests -    Original -> Hello
2024-10-31 00:11:50 INFO  StringX-JUnit-Tests -    Result   -> Hello
2024-10-31 00:11:50 INFO  StringX-JUnit-Tests - Test completed: testPadRightWithInsufficientWidth ? Status: PASSED
2024-10-31 00:11:50 INFO  StringX-JUnit-Tests - Test started: testPadLeftWithEmptyString
2024-10-31 00:11:50 INFO  StringX-JUnit-Tests -    Original -> 
2024-10-31 00:11:50 INFO  StringX-JUnit-Tests -    Result   -> *****
2024-10-31 00:11:50 INFO  StringX-JUnit-Tests - Test completed: testPadLeftWithEmptyString ? Status: PASSED
2024-10-31 00:11:50 INFO  StringX-JUnit-Tests - Test started: testRepeatOneTime
2024-10-31 00:11:50 INFO  StringX-JUnit-Tests -    Original -> xyz
2024-10-31 00:11:50 INFO  StringX-JUnit-Tests -    Result   -> xyz
2024-10-31 00:11:50 INFO  StringX-JUnit-Tests - Test completed: testRepeatOneTime ? Status: PASSED
2024-10-31 00:11:50 INFO  StringX-JUnit-Tests - Test started: testIncludesWithCaseMismatch
2024-10-31 00:11:50 INFO  StringX-JUnit-Tests -    Original -> Hello
2024-10-31 00:11:50 INFO  StringX-JUnit-Tests -    Result   -> false
2024-10-31 00:11:50 INFO  StringX-JUnit-Tests - Test completed: testIncludesWithCaseMismatch ? Status: PASSED
2024-10-31 00:11:50 INFO  StringX-JUnit-Tests - Test started: testIncludesWithAbsentSubstring
2024-10-31 00:11:50 INFO  StringX-JUnit-Tests -    Original -> Java programming
2024-10-31 00:11:50 INFO  StringX-JUnit-Tests -    Result   -> false
2024-10-31 00:11:50 INFO  StringX-JUnit-Tests - Test completed: testIncludesWithAbsentSubstring ? Status: PASSED
2024-10-31 00:11:50 INFO  StringX-JUnit-Tests - Test started: testIncludesWithEmptySubstring
2024-10-31 00:11:50 INFO  StringX-JUnit-Tests -    Original -> test
2024-10-31 00:11:50 INFO  StringX-JUnit-Tests -    Result   -> true
2024-10-31 00:11:50 INFO  StringX-JUnit-Tests - Test completed: testIncludesWithEmptySubstring ? Status: PASSED
2024-10-31 00:11:50 INFO  StringX-JUnit-Tests - Test started: testRepeatZeroTimes
2024-10-31 00:11:50 INFO  StringX-JUnit-Tests -    Original -> abc
2024-10-31 00:11:50 INFO  StringX-JUnit-Tests -    Result   -> 
2024-10-31 00:11:50 INFO  StringX-JUnit-Tests - Test completed: testRepeatZeroTimes ? Status: PASSED
2024-10-31 00:11:50 INFO  StringX-JUnit-Tests - Test started: testIncludesWithWhitespaceSubstring
2024-10-31 00:11:50 INFO  StringX-JUnit-Tests -    Original -> hello world
2024-10-31 00:11:50 INFO  StringX-JUnit-Tests -    Result   -> true
2024-10-31 00:11:50 INFO  StringX-JUnit-Tests - Test completed: testIncludesWithWhitespaceSubstring ? Status: PASSED
2024-10-31 00:11:50 INFO  StringX-JUnit-Tests - Test started: testIncludesWithExactMatch
2024-10-31 00:11:50 INFO  StringX-JUnit-Tests -    Original -> hello
2024-10-31 00:11:50 INFO  StringX-JUnit-Tests -    Result   -> true
2024-10-31 00:11:50 INFO  StringX-JUnit-Tests - Test completed: testIncludesWithExactMatch ? Status: PASSED
2024-10-31 00:11:50 INFO  StringX-JUnit-Tests - Test started: testRepeatNegativeNTimes
2024-10-31 00:11:50 INFO  StringX-JUnit-Tests -    Original -> test
2024-10-31 00:11:50 INFO  StringX-JUnit-Tests -    Result   -> 
2024-10-31 00:11:50 INFO  StringX-JUnit-Tests - Test completed: testRepeatNegativeNTimes ? Status: PASSED
2024-10-31 00:11:50 INFO  StringX-JUnit-Tests - Test started: testIncludesWithSubstringPresent
2024-10-31 00:11:50 INFO  StringX-JUnit-Tests -    Original -> hello world
2024-10-31 00:11:50 INFO  StringX-JUnit-Tests -    Result   -> true
2024-10-31 00:11:50 INFO  StringX-JUnit-Tests - Test completed: testIncludesWithSubstringPresent ? Status: PASSED
2024-10-31 00:11:50 INFO  StringX-JUnit-Tests - Test started: testRepeatPositiveNTimes
2024-10-31 00:11:50 INFO  StringX-JUnit-Tests -    Original -> abc
2024-10-31 00:11:50 INFO  StringX-JUnit-Tests -    Result   -> abcabcabc
2024-10-31 00:11:50 INFO  StringX-JUnit-Tests -    Original -> abc
2024-10-31 00:11:50 INFO  StringX-JUnit-Tests -    Result   -> abcabcabc
2024-10-31 00:11:50 INFO  StringX-JUnit-Tests - Test completed: testRepeatPositiveNTimes ? Status: PASSED
2024-10-31 00:11:50 INFO  StringX-JUnit-Tests - Test started: testRepeatWithEmptyString
2024-10-31 00:11:50 INFO  StringX-JUnit-Tests -    Original -> 
2024-10-31 00:11:50 INFO  StringX-JUnit-Tests -    Result   -> 
2024-10-31 00:11:50 INFO  StringX-JUnit-Tests - Test completed: testRepeatWithEmptyString ? Status: PASSED
2024-10-31 00:11:50 INFO  StringX-JUnit-Tests - Test started: testIncludesWithNullSubstring
2024-10-31 00:11:50 INFO  StringX-JUnit-Tests -    Original -> test
2024-10-31 00:11:50 INFO  StringX-JUnit-Tests -    Result   -> null
2024-10-31 00:11:50 INFO  StringX-JUnit-Tests - Test completed: testIncludesWithNullSubstring ? Status: PASSED
2024-10-31 00:11:50 INFO  StringX-JUnit-Tests - Test started: testIncludesWithSpecialCharacters
2024-10-31 00:11:50 INFO  StringX-JUnit-Tests -    Original -> test@123
2024-10-31 00:11:50 INFO  StringX-JUnit-Tests -    Result   -> true
2024-10-31 00:11:50 INFO  StringX-JUnit-Tests - Test completed: testIncludesWithSpecialCharacters ? Status: PASSED
2024-10-31 00:11:50 INFO  StringX-JUnit-Tests - Test started: testZfillWithExactWidth
2024-10-31 00:11:50 INFO  StringX-JUnit-Tests -    Original -> 12345
2024-10-31 00:11:50 INFO  StringX-JUnit-Tests -    Result   -> 12345
2024-10-31 00:11:50 INFO  StringX-JUnit-Tests - Test completed: testZfillWithExactWidth ? Status: PASSED
2024-10-31 00:11:50 INFO  StringX-JUnit-Tests - Test started: testRemoveSuffixWithFullStringAsSuffix
2024-10-31 00:11:50 INFO  StringX-JUnit-Tests -    Original -> HelloWorld
2024-10-31 00:11:50 INFO  StringX-JUnit-Tests -    Result   -> 
2024-10-31 00:11:50 INFO  StringX-JUnit-Tests - Test completed: testRemoveSuffixWithFullStringAsSuffix ? Status: PASSED
2024-10-31 00:11:50 INFO  StringX-JUnit-Tests - Test started: testSwapcaseMixedCharacters
2024-10-31 00:11:50 INFO  StringX-JUnit-Tests -    Original -> aBc123XyZ
2024-10-31 00:11:50 INFO  StringX-JUnit-Tests -    Result   -> AbC123xYz
2024-10-31 00:11:50 INFO  StringX-JUnit-Tests - Test completed: testSwapcaseMixedCharacters ? Status: PASSED
2024-10-31 00:11:50 INFO  StringX-JUnit-Tests - Test started: testCapitalizeSingleCharacter
2024-10-31 00:11:50 INFO  StringX-JUnit-Tests -    Original -> h
2024-10-31 00:11:50 INFO  StringX-JUnit-Tests -    Result   -> H
2024-10-31 00:11:50 INFO  StringX-JUnit-Tests - Test completed: testCapitalizeSingleCharacter ? Status: PASSED
2024-10-31 00:11:51 INFO  StringX-JUnit-Tests - Test started: testRemovePrefixWithMatchingPrefix
2024-10-31 00:11:51 INFO  StringX-JUnit-Tests -    Original -> HelloWorld
2024-10-31 00:11:51 INFO  StringX-JUnit-Tests -    Result   -> World
2024-10-31 00:11:51 INFO  StringX-JUnit-Tests - Test completed: testRemovePrefixWithMatchingPrefix ? Status: PASSED
2024-10-31 00:11:51 INFO  StringX-JUnit-Tests - Test started: testRemovePrefixWithEmptyPrefix
2024-10-31 00:11:51 INFO  StringX-JUnit-Tests -    Original -> HelloWorld
2024-10-31 00:11:51 INFO  StringX-JUnit-Tests -    Result   -> HelloWorld
2024-10-31 00:11:51 INFO  StringX-JUnit-Tests - Test completed: testRemovePrefixWithEmptyPrefix ? Status: PASSED
2024-10-31 00:11:51 INFO  StringX-JUnit-Tests - Test started: testCapitalizeRegularInput
2024-10-31 00:11:51 INFO  StringX-JUnit-Tests -    Original -> hello
2024-10-31 00:11:51 INFO  StringX-JUnit-Tests -    Result   -> Hello
2024-10-31 00:11:51 INFO  StringX-JUnit-Tests - Test completed: testCapitalizeRegularInput ? Status: PASSED
2024-10-31 00:11:51 INFO  StringX-JUnit-Tests - Test started: testSwapcaseEmptyString
2024-10-31 00:11:51 INFO  StringX-JUnit-Tests -    Original -> 
2024-10-31 00:11:51 INFO  StringX-JUnit-Tests -    Result   -> 
2024-10-31 00:11:51 INFO  StringX-JUnit-Tests - Test completed: testSwapcaseEmptyString ? Status: PASSED
2024-10-31 00:11:51 INFO  StringX-JUnit-Tests - Test started: testSwapcaseRegularInput
2024-10-31 00:11:51 INFO  StringX-JUnit-Tests -    Original -> Hello World
2024-10-31 00:11:51 INFO  StringX-JUnit-Tests -    Result   -> hELLO wORLD
2024-10-31 00:11:51 INFO  StringX-JUnit-Tests - Test completed: testSwapcaseRegularInput ? Status: PASSED
2024-10-31 00:11:51 INFO  StringX-JUnit-Tests - Test started: testZfillWithEmptyString
2024-10-31 00:11:51 INFO  StringX-JUnit-Tests -    Original -> 
2024-10-31 00:11:51 INFO  StringX-JUnit-Tests -    Result   -> 000
2024-10-31 00:11:51 INFO  StringX-JUnit-Tests - Test completed: testZfillWithEmptyString ? Status: PASSED
2024-10-31 00:11:51 INFO  StringX-JUnit-Tests - Test started: testZfillWithSmallerWidth
2024-10-31 00:11:51 INFO  StringX-JUnit-Tests -    Original -> abcdef
2024-10-31 00:11:51 INFO  StringX-JUnit-Tests -    Result   -> abcdef
2024-10-31 00:11:51 INFO  StringX-JUnit-Tests - Test completed: testZfillWithSmallerWidth ? Status: PASSED
2024-10-31 00:11:51 INFO  StringX-JUnit-Tests - Test started: testTitleMultipleSpacesBetweenWords
2024-10-31 00:11:51 INFO  StringX-JUnit-Tests -    Original -> hello   world
2024-10-31 00:11:51 INFO  StringX-JUnit-Tests -    Result   -> Hello   World
2024-10-31 00:11:51 INFO  StringX-JUnit-Tests - Test completed: testTitleMultipleSpacesBetweenWords ? Status: PASSED
2024-10-31 00:11:51 INFO  StringX-JUnit-Tests - Test started: testSwapcaseNumbersAndSymbols
2024-10-31 00:11:51 INFO  StringX-JUnit-Tests -    Original -> 123!@#
2024-10-31 00:11:51 INFO  StringX-JUnit-Tests -    Result   -> 123!@#
2024-10-31 00:11:51 INFO  StringX-JUnit-Tests - Test completed: testSwapcaseNumbersAndSymbols ? Status: PASSED
2024-10-31 00:11:51 INFO  StringX-JUnit-Tests - Test started: testRemoveSuffixWithNoMatchingSuffix
2024-10-31 00:11:51 INFO  StringX-JUnit-Tests -    Original -> HelloWorld
2024-10-31 00:11:51 INFO  StringX-JUnit-Tests -    Result   -> HelloWorld
2024-10-31 00:11:51 INFO  StringX-JUnit-Tests - Test completed: testRemoveSuffixWithNoMatchingSuffix ? Status: PASSED
2024-10-31 00:11:51 INFO  StringX-JUnit-Tests - Test started: testTitleSingleWord
2024-10-31 00:11:51 INFO  StringX-JUnit-Tests -    Original -> java
2024-10-31 00:11:51 INFO  StringX-JUnit-Tests -    Result   -> Java
2024-10-31 00:11:51 INFO  StringX-JUnit-Tests - Test completed: testTitleSingleWord ? Status: PASSED
2024-10-31 00:11:51 INFO  StringX-JUnit-Tests - Test started: testSwapcaseWithSpaces
2024-10-31 00:11:51 INFO  StringX-JUnit-Tests -    Original -> Java Is Fun
2024-10-31 00:11:51 INFO  StringX-JUnit-Tests -    Result   -> jAVA iS fUN
2024-10-31 00:11:51 INFO  StringX-JUnit-Tests - Test completed: testSwapcaseWithSpaces ? Status: PASSED
2024-10-31 00:11:51 INFO  StringX-JUnit-Tests - Test started: testRemoveSuffixWithMatchingSuffix
2024-10-31 00:11:51 INFO  StringX-JUnit-Tests -    Original -> HelloWorld
2024-10-31 00:11:51 INFO  StringX-JUnit-Tests -    Result   -> Hello
2024-10-31 00:11:51 INFO  StringX-JUnit-Tests - Test completed: testRemoveSuffixWithMatchingSuffix ? Status: PASSED
2024-10-31 00:11:51 INFO  StringX-JUnit-Tests - Test started: testRemovePrefixWithFullStringAsPrefix
2024-10-31 00:11:51 INFO  StringX-JUnit-Tests -    Original -> HelloWorld
2024-10-31 00:11:51 INFO  StringX-JUnit-Tests -    Result   -> 
2024-10-31 00:11:51 INFO  StringX-JUnit-Tests - Test completed: testRemovePrefixWithFullStringAsPrefix ? Status: PASSED
2024-10-31 00:11:51 INFO  StringX-JUnit-Tests - Test started: testSwapcaseSingleLowercaseCharacter
2024-10-31 00:11:51 INFO  StringX-JUnit-Tests -    Original -> a
2024-10-31 00:11:51 INFO  StringX-JUnit-Tests -    Result   -> A
2024-10-31 00:11:51 INFO  StringX-JUnit-Tests - Test completed: testSwapcaseSingleLowercaseCharacter ? Status: PASSED
2024-10-31 00:11:51 INFO  StringX-JUnit-Tests - Test started: testTitleRegularSentence
2024-10-31 00:11:51 INFO  StringX-JUnit-Tests -    Original -> hello world
2024-10-31 00:11:51 INFO  StringX-JUnit-Tests -    Result   -> Hello World
2024-10-31 00:11:51 INFO  StringX-JUnit-Tests - Test completed: testTitleRegularSentence ? Status: PASSED
2024-10-31 00:11:51 INFO  StringX-JUnit-Tests - Test started: testSwapcaseSingleUppercaseCharacter
2024-10-31 00:11:51 INFO  StringX-JUnit-Tests -    Original -> A
2024-10-31 00:11:51 INFO  StringX-JUnit-Tests -    Result   -> a
2024-10-31 00:11:51 INFO  StringX-JUnit-Tests - Test completed: testSwapcaseSingleUppercaseCharacter ? Status: PASSED
2024-10-31 00:11:51 INFO  StringX-JUnit-Tests - Test started: testZfillWithWidthGreaterThanLength
2024-10-31 00:11:51 INFO  StringX-JUnit-Tests -    Original -> 42
2024-10-31 00:11:51 INFO  StringX-JUnit-Tests -    Result   -> 00042
2024-10-31 00:11:51 INFO  StringX-JUnit-Tests - Test completed: testZfillWithWidthGreaterThanLength ? Status: PASSED
2024-10-31 00:11:51 INFO  StringX-JUnit-Tests - Test started: testCapitalizeEmptyString
2024-10-31 00:11:51 INFO  StringX-JUnit-Tests -    Original -> 
2024-10-31 00:11:51 INFO  StringX-JUnit-Tests -    Result   -> 
2024-10-31 00:11:51 INFO  StringX-JUnit-Tests - Test completed: testCapitalizeEmptyString ? Status: PASSED
2024-10-31 00:11:51 INFO  StringX-JUnit-Tests - Test started: testTitleAlreadyCapitalized
2024-10-31 00:11:51 INFO  StringX-JUnit-Tests -    Original -> Hello World
2024-10-31 00:11:51 INFO  StringX-JUnit-Tests -    Result   -> Hello World
2024-10-31 00:11:51 INFO  StringX-JUnit-Tests - Test completed: testTitleAlreadyCapitalized ? Status: PASSED
2024-10-31 00:11:51 INFO  StringX-JUnit-Tests - Test started: testZfillWithNegativeWidth
2024-10-31 00:11:51 INFO  StringX-JUnit-Tests -    Original -> xyz
2024-10-31 00:11:51 INFO  StringX-JUnit-Tests -    Result   -> xyz
2024-10-31 00:11:51 INFO  StringX-JUnit-Tests - Test completed: testZfillWithNegativeWidth ? Status: PASSED
2024-10-31 00:11:51 INFO  StringX-JUnit-Tests - Test started: testTitleLeadingAndTrailingSpaces
2024-10-31 00:11:51 INFO  StringX-JUnit-Tests -    Original ->    hello world   
2024-10-31 00:11:51 INFO  StringX-JUnit-Tests -    Result   ->    Hello World   
2024-10-31 00:11:51 INFO  StringX-JUnit-Tests - Test completed: testTitleLeadingAndTrailingSpaces ? Status: PASSED
2024-10-31 00:11:51 INFO  StringX-JUnit-Tests - Test started: testTitleSpecialCharacters
2024-10-31 00:11:51 INFO  StringX-JUnit-Tests -    Original -> hello-world
2024-10-31 00:11:51 INFO  StringX-JUnit-Tests -    Result   -> Hello-World
2024-10-31 00:11:51 INFO  StringX-JUnit-Tests - Test completed: testTitleSpecialCharacters ? Status: PASSED
2024-10-31 00:11:51 INFO  StringX-JUnit-Tests - Test started: testCapitalizeMultipleWords
2024-10-31 00:11:51 INFO  StringX-JUnit-Tests -    Original -> hello world
2024-10-31 00:11:51 INFO  StringX-JUnit-Tests -    Result   -> Hello world
2024-10-31 00:11:51 INFO  StringX-JUnit-Tests - Test completed: testCapitalizeMultipleWords ? Status: PASSED
2024-10-31 00:11:51 INFO  StringX-JUnit-Tests - Test started: testCapitalizeAlreadyCapitalized
2024-10-31 00:11:51 INFO  StringX-JUnit-Tests -    Original -> Hello
2024-10-31 00:11:51 INFO  StringX-JUnit-Tests -    Result   -> Hello
2024-10-31 00:11:51 INFO  StringX-JUnit-Tests - Test completed: testCapitalizeAlreadyCapitalized ? Status: PASSED
2024-10-31 00:11:51 INFO  StringX-JUnit-Tests - Test started: testRemoveSuffixWithEmptySuffix
2024-10-31 00:11:51 INFO  StringX-JUnit-Tests -    Original -> HelloWorld
2024-10-31 00:11:51 INFO  StringX-JUnit-Tests -    Result   -> HelloWorld
2024-10-31 00:11:51 INFO  StringX-JUnit-Tests - Test completed: testRemoveSuffixWithEmptySuffix ? Status: PASSED
2024-10-31 00:11:51 INFO  StringX-JUnit-Tests - Test started: testRemovePrefixWithNoMatchingPrefix
2024-10-31 00:11:51 INFO  StringX-JUnit-Tests -    Original -> HelloWorld
2024-10-31 00:11:51 INFO  StringX-JUnit-Tests -    Result   -> HelloWorld
2024-10-31 00:11:51 INFO  StringX-JUnit-Tests - Test completed: testRemovePrefixWithNoMatchingPrefix ? Status: PASSED
2024-10-31 00:11:51 INFO  StringX-JUnit-Tests - Test started: testZfillWithZeroWidth
2024-10-31 00:11:51 INFO  StringX-JUnit-Tests -    Original -> data
2024-10-31 00:11:51 INFO  StringX-JUnit-Tests -    Result   -> data
2024-10-31 00:11:51 INFO  StringX-JUnit-Tests - Test completed: testZfillWithZeroWidth ? Status: PASSED
2024-10-31 00:11:51 INFO  StringX-JUnit-Tests - Test started: testTitleEmptyString
2024-10-31 00:11:51 INFO  StringX-JUnit-Tests -    Original -> 
2024-10-31 00:11:51 INFO  StringX-JUnit-Tests -    Result   -> 
2024-10-31 00:11:51 INFO  StringX-JUnit-Tests - Test completed: testTitleEmptyString ? Status: PASSED
2024-10-31 00:11:51 INFO  StringX-JUnit-Tests - Test started: testConstructorWithNonNullStringBuilder
2024-10-31 00:11:51 INFO  StringX-JUnit-Tests - Test completed: testConstructorWithNonNullStringBuilder ? Status: PASSED
2024-10-31 00:11:51 INFO  StringX-JUnit-Tests - Test started: testConstructorWithNonNullString
2024-10-31 00:11:51 INFO  StringX-JUnit-Tests - Test completed: testConstructorWithNonNullString ? Status: PASSED
2024-10-31 00:11:51 INFO  StringX-JUnit-Tests - Test started: testConstructorWithNullStringBuilder
2024-10-31 00:11:51 INFO  StringX-JUnit-Tests - Test completed: testConstructorWithNullStringBuilder ? Status: PASSED
2024-10-31 00:11:51 INFO  StringX-JUnit-Tests - Test started: testConstructorWithNullString
2024-10-31 00:11:51 INFO  StringX-JUnit-Tests - Test completed: testConstructorWithNullString ? Status: PASSED
2024-10-31 00:11:51 INFO  StringX-JUnit-Tests - Test started: testDefaultConstructor
2024-10-31 00:11:51 INFO  StringX-JUnit-Tests - Test completed: testDefaultConstructor ? Status: PASSED
